/views/default/images/logo.png
/views/default/images/bannerPrev.png
/views/default/images/bannerNext.png
/uploadfiles/image/201706/50.jpg
/uploadfiles/image/201706/185.jpg
http://www.aiit.edu.cn/uploadfiles/image/201706/139.jpg
/uploadfiles/image/201705/330.jpg
/uploadfiles/image/201705/240.jpg
/views/default/images/topicTogPrev.jpg
/views/default/images/topicNextBtn.jpg
uploadfiles/image/201704/118.jpg
uploadfiles/image/201507/213.gif
uploadfiles/image/201705/386.jpg
uploadfiles/image/201705/98.jpg
uploadfiles/image/201507/214.gif
uploadfiles/image/201705/383.jpg
/views/default/images/contactBtn1.jpg
/views/default/images/contactBtn2.jpg
/views/default/images/contactBtn3.jpg
/views/default/images/contactBtn4.jpg
/views/default/images/ewm.jpg
uploadfiles/image/201706/134.jpg
uploadfiles/image/201706/124.jpg
uploadfiles/image/201706/118.jpg
uploadfiles/image/201705/295.jpg
uploadfiles/image/201705/290.jpg
uploadfiles/image/201705/285.jpg
/views/default/images/footerLogo.jpg
/views/default/images/friendParner1.jpg
